2021/05/25 13:57:07 {"callers":["/Users/mac/Projects/rouchi/go/parent-api-go/main.go: 51 main.init.0"],"level":"error","message":"app.BindAndValid errs: %vKey: 'ContentVideoListRequest.SubjectID' Error:Field validation for 'SubjectID' failed on the 'required' tag","time":1621922227053299000}
2021/05/25 19:13:47 {"callers":["/Users/mac/Projects/rouchi/go/parent-api-go/main.go: 51 main.init.0"],"level":"error","message":"app.BindAndValid errs: %vKey: 'ContentArticleListRequest.SubjectID' Error:Field validation for 'SubjectID' failed on the 'required' tag","time":1621941227923934000}
2021/05/25 19:28:17 {"callers":["/Users/mac/Projects/rouchi/go/parent-api-go/main.go: 51 main.init.0"],"level":"error","message":"svc.GetContentArticleList err:sql: Scan error on column index 8, name \"status\": converting driver.Value type int64 (\"-1\") to a uint8: invalid syntax","time":1621942097119292000}
2021/05/26 10:36:18 {"callers":["/Users/mac/Projects/rouchi/go/parent-api-go/main.go: 51 main.init.0"],"level":"error","message":"svc.GetContentArticleList err:sql: Scan error on column index 8, name \"status\": converting driver.Value type int64 (\"-1\") to a uint8: invalid syntax","time":1621996578531967000}
2021/05/26 10:41:03 {"callers":["/Users/mac/Projects/rouchi/go/parent-api-go/main.go: 51 main.init.0"],"level":"error","message":"svc.GetContentArticleList err:sql: Scan error on column index 8, name \"status\": converting driver.Value type int64 (\"-1\") to a uint8: invalid syntax","time":1621996863510304000}
2021/05/26 10:42:22 {"callers":["/Users/mac/Projects/rouchi/go/parent-api-go/main.go: 51 main.init.0"],"level":"error","message":"svc.GetContentArticleList err:sql: Scan error on column index 8, name \"status\": converting driver.Value type int64 (\"-1\") to a uint8: invalid syntax","time":1621996942104184000}
2021/05/26 10:45:40 {"callers":["/Users/mac/Projects/rouchi/go/parent-api-go/main.go: 51 main.init.0"],"level":"error","message":"svc.GetContentArticleList err:sql: Scan error on column index 8, name \"status\": converting driver.Value type int64 (\"-1\") to a uint8: invalid syntax","time":1621997140402767000}
2021/05/26 10:46:55 {"callers":["/Users/mac/Projects/rouchi/go/parent-api-go/main.go: 51 main.init.0"],"level":"error","message":"svc.GetContentArticleList err:sql: Scan error on column index 8, name \"status\": converting driver.Value type int64 (\"-1\") to a uint8: invalid syntax","time":1621997215301966000}
2021/05/26 10:48:56 {"callers":["/Users/mac/Projects/rouchi/go/parent-api-go/main.go: 51 main.init.0"],"level":"error","message":"svc.GetContentArticleList err:sql: Scan error on column index 8, name \"status\": converting driver.Value type int64 (\"-1\") to a uint8: invalid syntax","time":1621997336773015000}
2021/06/01 19:41:49 {"callers":["/Users/mac/Projects/rouchi/go/parent-api-go/main.go: 51 main.init.0"],"level":"error","message":"app.BindAndValid errs: %vKey: 'AppIndexRequest.Platform' Error:Field validation for 'Platform' failed on the 'required' tag","time":1622547709149670000}
2021/06/01 19:42:23 {"callers":["/Users/mac/Projects/rouchi/go/parent-api-go/main.go: 51 main.init.0"],"level":"error","message":"svc.GetContentVideoList err:Error 1054: Unknown column 'postion' in 'where clause'","time":1622547743045290000}
2021/06/01 19:43:06 {"callers":["/Users/mac/Projects/rouchi/go/parent-api-go/main.go: 51 main.init.0"],"level":"error","message":"svc.GetContentVideoList err:Error 1054: Unknown column 'postion' in 'where clause'","time":1622547786489825000}
2021/06/01 19:50:49 {"callers":["/Users/mac/Projects/rouchi/go/parent-api-go/main.go: 51 main.init.0"],"level":"error","message":"svc.GetIndexContent err:Error 1103: Incorrect table name ''","time":1622548249076718000}
2021/06/02 10:27:29 {"callers":["/Users/mac/Projects/rouchi/go/parent-api-go/main.go: 51 main.init.0"],"level":"error","message":"svc.GetIndexContent err:Error 1103: Incorrect table name ''","time":1622600849827177000}
2021/06/02 10:28:31 {"callers":["/Users/mac/Projects/rouchi/go/parent-api-go/main.go: 51 main.init.0"],"level":"error","message":"svc.GetIndexContent err:Error 1103: Incorrect table name ''","time":1622600911125967000}
2021/06/02 10:32:58 {"callers":["/Users/mac/Projects/rouchi/go/parent-api-go/main.go: 51 main.init.0"],"level":"error","message":"svc.GetIndexContent err:Error 1103: Incorrect table name ''","time":1622601178472301000}
2021/06/02 10:33:37 {"callers":["/Users/mac/Projects/rouchi/go/parent-api-go/main.go: 51 main.init.0"],"level":"error","message":"svc.GetIndexContent err:Error 1103: Incorrect table name ''","time":1622601217575902000}
2021/06/02 10:36:52 {"callers":["/Users/mac/Projects/rouchi/go/parent-api-go/main.go: 51 main.init.0"],"level":"error","message":"svc.GetIndexContent err:Error 1103: Incorrect table name ''","time":1622601412661443000}
2021/06/02 11:01:20 {"callers":["/Users/mac/Projects/rouchi/go/parent-api-go/main.go: 51 main.init.0"],"level":"error","message":"svc.GetIndexContent err:unsupported destination, should be slice or struct","time":1622602880645127000}
2021/06/02 11:05:08 {"callers":["/Users/mac/Projects/rouchi/go/parent-api-go/main.go: 51 main.init.0"],"level":"error","message":"svc.GetIndexContent err:unsupported destination, should be slice or struct","time":1622603108617340000}
